05-Apr-2021 12:21:48.385 INFO [main] org.apache.catalina.core.ApplicationContext.log ContextListener: contextInitialized()
05-Apr-2021 12:21:48.385 INFO [main] org.apache.catalina.core.ApplicationContext.log SessionListener: contextInitialized()
05-Apr-2021 12:21:48.387 INFO [main] org.apache.catalina.core.ApplicationContext.log ContextListener: attributeAdded('StockTicker', 'async.Stockticker@4102b1b1')
05-Apr-2021 12:22:15.504 INFO [main] org.apache.catalina.core.ApplicationContext.log SessionListener: contextDestroyed()
05-Apr-2021 12:22:15.505 INFO [main] org.apache.catalina.core.ApplicationContext.log ContextListener: contextDestroyed()
05-Apr-2021 12:22:43.359 INFO [main] org.apache.catalina.core.ApplicationContext.log ContextListener: contextInitialized()
05-Apr-2021 12:22:43.359 INFO [main] org.apache.catalina.core.ApplicationContext.log SessionListener: contextInitialized()
05-Apr-2021 12:22:43.360 INFO [main] org.apache.catalina.core.ApplicationContext.log ContextListener: attributeAdded('StockTicker', 'async.Stockticker@5f577419')
05-Apr-2021 12:22:49.061 INFO [main] org.apache.catalina.core.ApplicationContext.log SessionListener: contextDestroyed()
05-Apr-2021 12:22:49.061 INFO [main] org.apache.catalina.core.ApplicationContext.log ContextListener: contextDestroyed()
05-Apr-2021 12:27:34.537 INFO [main] org.apache.catalina.core.ApplicationContext.log ContextListener: contextInitialized()
05-Apr-2021 12:27:34.537 INFO [main] org.apache.catalina.core.ApplicationContext.log SessionListener: contextInitialized()
05-Apr-2021 12:27:34.538 INFO [main] org.apache.catalina.core.ApplicationContext.log ContextListener: attributeAdded('StockTicker', 'async.Stockticker@6a175569')
05-Apr-2021 12:27:42.322 INFO [main] org.apache.catalina.core.ApplicationContext.log SessionListener: contextDestroyed()
05-Apr-2021 12:27:42.322 INFO [main] org.apache.catalina.core.ApplicationContext.log ContextListener: contextDestroyed()
05-Apr-2021 12:27:47.019 INFO [main] org.apache.catalina.core.ApplicationContext.log ContextListener: contextInitialized()
05-Apr-2021 12:27:47.019 INFO [main] org.apache.catalina.core.ApplicationContext.log SessionListener: contextInitialized()
05-Apr-2021 12:27:47.020 INFO [main] org.apache.catalina.core.ApplicationContext.log ContextListener: attributeAdded('StockTicker', 'async.Stockticker@19868320')
05-Apr-2021 12:44:32.884 INFO [main] org.apache.catalina.core.ApplicationContext.log ContextListener: contextInitialized()
05-Apr-2021 12:44:32.884 INFO [main] org.apache.catalina.core.ApplicationContext.log SessionListener: contextInitialized()
05-Apr-2021 12:44:32.885 INFO [main] org.apache.catalina.core.ApplicationContext.log ContextListener: attributeAdded('StockTicker', 'async.Stockticker@41de5768')
05-Apr-2021 13:52:06.989 INFO [main] org.apache.catalina.core.ApplicationContext.log ContextListener: contextInitialized()
05-Apr-2021 13:52:06.989 INFO [main] org.apache.catalina.core.ApplicationContext.log SessionListener: contextInitialized()
05-Apr-2021 13:52:06.990 INFO [main] org.apache.catalina.core.ApplicationContext.log ContextListener: attributeAdded('StockTicker', 'async.Stockticker@1a38ba58')
05-Apr-2021 13:52:07.091 INFO [main] org.apache.catalina.core.ApplicationContext.log SessionListener: contextDestroyed()
05-Apr-2021 13:52:07.091 INFO [main] org.apache.catalina.core.ApplicationContext.log ContextListener: contextDestroyed()
